\BOOKMARK [0][-]{chapter*.1}{Remerciements}{}% 1
\BOOKMARK [0][-]{chapter*.2}{R\351sum\351}{}% 2
\BOOKMARK [0][-]{chapter*.4}{Glossaire}{}% 3
\BOOKMARK [0][-]{chapter*.5}{Introduction}{}% 4
\BOOKMARK [0][-]{chapter.1}{Pr\351sentation de la v\351rification formelle}{}% 5
\BOOKMARK [0][-]{chapter.2}{Pr\351sentation de la plateforme Frama-C}{}% 6
\BOOKMARK [1][-]{section.2.1}{Caract\351ristiques g\351n\351rales de la plateforme Frama-C}{chapter.2}% 7
\BOOKMARK [2][-]{subsection.2.1.1}{Architecture de Frama-C}{section.2.1}% 8
\BOOKMARK [2][-]{subsection.2.1.2}{Interface graphique}{section.2.1}% 9
\BOOKMARK [1][-]{section.2.2}{ACSL}{chapter.2}% 10
\BOOKMARK [2][-]{subsection.2.2.1}{Pr\351sentation}{section.2.2}% 11
\BOOKMARK [2][-]{subsection.2.2.2}{Utilisations d'ACSL avec Frama-C}{section.2.2}% 12
\BOOKMARK [1][-]{section.2.3}{EVA}{chapter.2}% 13
\BOOKMARK [2][-]{subsection.2.3.1}{Pr\351sentation et objectifs}{section.2.3}% 14
\BOOKMARK [2][-]{subsection.2.3.2}{Gestion des boucles}{section.2.3}% 15
\BOOKMARK [2][-]{subsection.2.3.3}{Utilisation de l'interface graphique}{section.2.3}% 16
\BOOKMARK [1][-]{section.2.4}{WP}{chapter.2}% 17
\BOOKMARK [2][-]{subsection.2.4.1}{Pr\351sentation et objectifs}{section.2.4}% 18
\BOOKMARK [2][-]{subsection.2.4.2}{Logique de Hoare et plus faible pr\351condition}{section.2.4}% 19
\BOOKMARK [2][-]{subsection.2.4.3}{Contrats de fonction}{section.2.4}% 20
\BOOKMARK [2][-]{subsection.2.4.4}{Les boucles}{section.2.4}% 21
\BOOKMARK [2][-]{subsection.2.4.5}{Utilisation de prouveurs externes avec WP}{section.2.4}% 22
\BOOKMARK [2][-]{subsection.2.4.6}{Utilisation de l'interface graphique}{section.2.4}% 23
\BOOKMARK [1][-]{section.2.5}{Strat\351gie d'utilisation de Frama-C}{chapter.2}% 24
\BOOKMARK [0][-]{chapter.3}{Projet analys\351}{}% 25
\BOOKMARK [1][-]{section.3.1}{Pr\351sentation de WooKey}{chapter.3}% 26
\BOOKMARK [1][-]{section.3.2}{Pr\351sentation de la biblioth\350que USBctrl}{chapter.3}% 27
\BOOKMARK [2][-]{subsection.3.2.1}{G\351n\351ralit\351s sur le protocole USB et sp\351cifications de l'USB 2.0}{section.3.2}% 28
\BOOKMARK [2][-]{subsection.3.2.2}{R\364le de la biblioth\350que USBctrl dans le module USB de WooKey}{section.3.2}% 29
\BOOKMARK [1][-]{section.3.3}{Code source de la biblioth\350que USBctrl}{chapter.3}% 30
\BOOKMARK [2][-]{subsection.3.3.1}{Description}{section.3.3}% 31
\BOOKMARK [2][-]{subsection.3.3.2}{Rappel sur le langage C}{section.3.3}% 32
\BOOKMARK [0][-]{chapter.4}{Utilisation de FramaC sur la biblioth\350que USBctrl}{}% 33
\BOOKMARK [1][-]{section.4.1}{Prise en main de Frama-C}{chapter.4}% 34
\BOOKMARK [2][-]{subsection.4.1.1}{Installation}{section.4.1}% 35
\BOOKMARK [2][-]{subsection.4.1.2}{Tutorial}{section.4.1}% 36
\BOOKMARK [1][-]{section.4.2}{Utilisation de Frama-C sur la biblioth\350que USBctrl}{chapter.4}% 37
\BOOKMARK [2][-]{subsection.4.2.1}{Parsing du code source de la biblioth\350que USBctrl de WooKey}{section.4.2}% 38
\BOOKMARK [2][-]{subsection.4.2.2}{Utilisation d'EVA}{section.4.2}% 39
\BOOKMARK [2][-]{subsection.4.2.3}{Utilisation de WP}{section.4.2}% 40
\BOOKMARK [0][-]{chapter.5}{R\351sultats obtenus}{}% 41
\BOOKMARK [1][-]{section.5.1}{R\351sultats de l'analyse r\351alis\351e avec EVA}{chapter.5}% 42
\BOOKMARK [2][-]{subsection.5.1.1}{Travail r\351alis\351}{section.5.1}% 43
\BOOKMARK [2][-]{subsection.5.1.2}{RTE decouverts}{section.5.1}% 44
\BOOKMARK [2][-]{subsection.5.1.3}{Probl\350mes rencontr\351s}{section.5.1}% 45
\BOOKMARK [2][-]{subsection.5.1.4}{Pistes d'am\351lioration}{section.5.1}% 46
\BOOKMARK [1][-]{section.5.2}{R\351sultats obtenus avec WP}{chapter.5}% 47
\BOOKMARK [2][-]{subsection.5.2.1}{Travail r\351alis\351}{section.5.2}% 48
\BOOKMARK [2][-]{subsection.5.2.2}{Probl\350mes rencontr\351s}{section.5.2}% 49
\BOOKMARK [2][-]{subsection.5.2.3}{R\351sultats obtenus}{section.5.2}% 50
\BOOKMARK [1][-]{section.5.3}{Retour d'exp\351rience sur l'utilisation de Frama-C}{chapter.5}% 51
\BOOKMARK [0][-]{chapter*.10}{Conclusion}{}% 52
\BOOKMARK [0][-]{appendix.A}{Point d'entr\351e dans la biblioth\350que USBctrl}{}% 53
